Using pre-set license
Built from '2022.3/staging' branch; Version is '2022.3.37f1 (340ba89e4c23) revision 3410856'; Using compiler version '192829333'; Build Type 'Release'
OS: 'Windows 10  (10.0.19045) 64bit Professional' Language: 'uk' Physical Memory: 16288 MB
BatchMode: 1, IsHumanControllingUs: 0, StartBugReporterOnCrash: 0, Is64bit: 1, IsPro: 1

COMMAND LINE ARGUMENTS:
D:\Unity\Editors\2022.3.37f1\Editor\Unity.exe
-adb2
-batchMode
-noUpm
-name
AssetImportWorker2
-projectPath
D:/SoftTeam/Repozitories/MyProject_2_StarDodge/StarDodge
-logFile
Logs/AssetImportWorker2.log
-srvPort
50165
Successfully changed project path to: D:/SoftTeam/Repozitories/MyProject_2_StarDodge/StarDodge
D:/SoftTeam/Repozitories/MyProject_2_StarDodge/StarDodge
[UnityMemory] Configuration Parameters - Can be set up in boot.config
    "memorysetup-bucket-allocator-granularity=16"
    "memorysetup-bucket-allocator-bucket-count=8"
    "memorysetup-bucket-allocator-block-size=33554432"
    "memorysetup-bucket-allocator-block-count=8"
    "memorysetup-main-allocator-block-size=16777216"
    "memorysetup-thread-allocator-block-size=16777216"
    "memorysetup-gfx-main-allocator-block-size=16777216"
    "memorysetup-gfx-thread-allocator-block-size=16777216"
    "memorysetup-cache-allocator-block-size=4194304"
    "memorysetup-typetree-allocator-block-size=2097152"
    "memorysetup-profiler-bucket-allocator-granularity=16"
    "memorysetup-profiler-bucket-allocator-bucket-count=8"
    "memorysetup-profiler-bucket-allocator-block-size=33554432"
    "memorysetup-profiler-bucket-allocator-block-count=8"
    "memorysetup-profiler-allocator-block-size=16777216"
    "memorysetup-profiler-editor-allocator-block-size=1048576"
    "memorysetup-temp-allocator-size-main=16777216"
    "memorysetup-job-temp-allocator-block-size=2097152"
    "memorysetup-job-temp-allocator-block-size-background=1048576"
    "memorysetup-job-temp-allocator-reduction-small-platforms=262144"
    "memorysetup-allocator-temp-initial-block-size-main=262144"
    "memorysetup-allocator-temp-initial-block-size-worker=262144"
    "memorysetup-temp-allocator-size-background-worker=32768"
    "memorysetup-temp-allocator-size-job-worker=262144"
    "memorysetup-temp-allocator-size-preload-manager=33554432"
    "memorysetup-temp-allocator-size-nav-mesh-worker=65536"
    "memorysetup-temp-allocator-size-audio-worker=65536"
    "memorysetup-temp-allocator-size-cloud-worker=32768"
    "memorysetup-temp-allocator-size-gi-baking-worker=262144"
    "memorysetup-temp-allocator-size-gfx=262144"
Player connection [15220] Host "[IP] 192.168.1.105 [Port] 0 [Flags] 2 [Guid] 240697891 [EditorId] 240697891 [Version] 1048832 [Id] WindowsEditor(7,DESKTOP-M5RIVGM) [Debug] 1 [PackageName] WindowsEditor [ProjectName] Editor" joined multi-casting on [225.0.0.222:54997]...

Player connection [15220] Host "[IP] 192.168.1.105 [Port] 0 [Flags] 2 [Guid] 240697891 [EditorId] 240697891 [Version] 1048832 [Id] WindowsEditor(7,DESKTOP-M5RIVGM) [Debug] 1 [PackageName] WindowsEditor [ProjectName] Editor" joined alternative multi-casting on [225.0.0.222:34997]...

[PhysX] Initialized MultithreadedTaskDispatcher with 16 workers.
Refreshing native plugins compatible for Editor in 8.79 ms, found 4 plugins.
Preloading 0 native plugins for Editor in 0.00 ms.
Initialize engine version: 2022.3.37f1 (340ba89e4c23)
[Subsystems] Discovering subsystems at path D:/Unity/Editors/2022.3.37f1/Editor/Data/Resources/UnitySubsystems
[Subsystems] Discovering subsystems at path D:/SoftTeam/Repozitories/MyProject_2_StarDodge/StarDodge/Assets
GfxDevice: creating device client; threaded=0; jobified=0
Direct3D:
    Version:  Direct3D 11.0 [level 11.1]
    Renderer: NVIDIA GeForce RTX 3070 (ID=0x2488)
    Vendor:   NVIDIA
    VRAM:     8018 MB
    Driver:   32.0.15.6636
Initialize mono
Mono path[0] = 'D:/Unity/Editors/2022.3.37f1/Editor/Data/Managed'
Mono path[1] = 'D:/Unity/Editors/2022.3.37f1/Editor/Data/MonoBleedingEdge/lib/mono/unityjit-win32'
Mono config path = 'D:/Unity/Editors/2022.3.37f1/Editor/Data/MonoBleedingEdge/etc'
Using monoOptions --debugger-agent=transport=dt_socket,embedding=1,server=y,suspend=n,address=127.0.0.1:56564
Begin MonoManager ReloadAssembly
Registering precompiled unity dll's ...
Register platform support module: D:/Unity/Editors/2022.3.37f1/Editor/Data/PlaybackEngines/WebGLSupport/UnityEditor.WebGL.Extensions.dll
Register platform support module: D:/Unity/Editors/2022.3.37f1/Editor/Data/PlaybackEngines/MacStandaloneSupport/UnityEditor.OSXStandalone.Extensions.dll
Register platform support module: D:/Unity/Editors/2022.3.37f1/Editor/Data/PlaybackEngines/AndroidPlayer/UnityEditor.Android.Extensions.dll
Register platform support module: D:/Unity/Editors/2022.3.37f1/Editor/Data/PlaybackEngines/iOSSupport/UnityEditor.iOS.Extensions.dll
Register platform support module: D:/Unity/Editors/2022.3.37f1/Editor/Data/PlaybackEngines/VisionOSPlayer/UnityEditor.VisionOS.Extensions.dll
Register platform support module: D:/Unity/Editors/2022.3.37f1/Editor/Data/PlaybackEngines/AppleTVSupport/UnityEditor.AppleTV.Extensions.dll
Register platform support module: D:/Unity/Editors/2022.3.37f1/Editor/Data/PlaybackEngines/WindowsStandaloneSupport/UnityEditor.WindowsStandalone.Extensions.dll
Register platform support module: D:/Unity/Editors/2022.3.37f1/Editor/Data/PlaybackEngines/LinuxStandaloneSupport/UnityEditor.LinuxStandalone.Extensions.dll
Register platform support module: D:/Unity/Editors/2022.3.37f1/Editor/Data/PlaybackEngines/MetroSupport/UnityEditor.UWP.Extensions.dll
Registered in 0.010648 seconds.
- Loaded All Assemblies, in  0.273 seconds
Native extension for UWP target not found
Native extension for LinuxStandalone target not found
Native extension for WindowsStandalone target not found
[usbmuxd] Start listen thread
[usbmuxd] Listen thread started
Native extension for AppleTV target not found
Failed to load: D:/Unity/Editors/2022.3.37f1/Editor/Data/PlaybackEngines/VisionOSPlayer\x64\UnityEditor.VisionOS.Native.dll
Native extension for VisionOS target not found
[usbmuxd] Start listen thread
[usbmuxd] Listen thread started
Native extension for iOS target not found
Native extension for Android target not found
Android Extension - Scanning For ADB Devices 217 ms
Native extension for OSXStandalone target not found
Native extension for WebGL target not found
Mono: successfully reloaded assembly
- Finished resetting the current domain, in  0.529 seconds
Domain Reload Profiling: 802ms
	BeginReloadAssembly (75ms)
		ExecutionOrderSort (0ms)
		DisableScriptedObjects (0ms)
		BackupInstance (0ms)
		ReleaseScriptingObjects (0ms)
		CreateAndSetChildDomain (1ms)
	RebuildCommonClasses (26ms)
	RebuildNativeTypeToScriptingClass (8ms)
	initialDomainReloadingComplete (49ms)
	LoadAllAssembliesAndSetupDomain (114ms)
		LoadAssemblies (77ms)
		RebuildTransferFunctionScriptingTraits (0ms)
		AnalyzeDomain (111ms)
			TypeCache.Refresh (110ms)
				TypeCache.ScanAssembly (98ms)
			ScanForSourceGeneratedMonoScriptInfo (0ms)
			ResolveRequiredComponents (0ms)
	FinalizeReload (529ms)
		ReleaseScriptCaches (0ms)
		RebuildScriptCaches (0ms)
		SetupLoadedEditorAssemblies (483ms)
			LogAssemblyErrors (0ms)
			InitializePlatformSupportModulesInManaged (345ms)
			SetLoadedEditorAssemblies (5ms)
			RefreshPlugins (0ms)
			BeforeProcessingInitializeOnLoad (2ms)
			ProcessInitializeOnLoadAttributes (96ms)
			ProcessInitializeOnLoadMethodAttributes (36ms)
			AfterProcessingInitializeOnLoad (0ms)
			EditorAssembliesLoaded (0ms)
		ExecutionOrderSort2 (0ms)
		AwakeInstancesAfterBackupRestoration (0ms)
========================================================================
Worker process is ready to serve import requests
Begin MonoManager ReloadAssembly
Symbol file LoadedFromMemory is not a mono symbol file
Symbol file LoadedFromMemory is not a mono symbol file
- Loaded All Assemblies, in  0.595 seconds
Refreshing native plugins compatible for Editor in 2.83 ms, found 4 plugins.
Native extension for UWP target not found
Native extension for LinuxStandalone target not found
Native extension for WindowsStandalone target not found
Native extension for AppleTV target not found
Failed to load: D:/Unity/Editors/2022.3.37f1/Editor/Data/PlaybackEngines/VisionOSPlayer\x64\UnityEditor.VisionOS.Native.dll
Native extension for VisionOS target not found
Native extension for iOS target not found
Native extension for Android target not found
Native extension for OSXStandalone target not found
Native extension for WebGL target not found
Mono: successfully reloaded assembly
- Finished resetting the current domain, in  0.514 seconds
Domain Reload Profiling: 1109ms
	BeginReloadAssembly (123ms)
		ExecutionOrderSort (0ms)
		DisableScriptedObjects (4ms)
		BackupInstance (0ms)
		ReleaseScriptingObjects (0ms)
		CreateAndSetChildDomain (23ms)
	RebuildCommonClasses (28ms)
	RebuildNativeTypeToScriptingClass (13ms)
	initialDomainReloadingComplete (31ms)
	LoadAllAssembliesAndSetupDomain (399ms)
		LoadAssemblies (334ms)
		RebuildTransferFunctionScriptingTraits (0ms)
		AnalyzeDomain (138ms)
			TypeCache.Refresh (117ms)
				TypeCache.ScanAssembly (101ms)
			ScanForSourceGeneratedMonoScriptInfo (16ms)
			ResolveRequiredComponents (4ms)
	FinalizeReload (515ms)
		ReleaseScriptCaches (0ms)
		RebuildScriptCaches (0ms)
		SetupLoadedEditorAssemblies (392ms)
			LogAssemblyErrors (0ms)
			InitializePlatformSupportModulesInManaged (31ms)
			SetLoadedEditorAssemblies (2ms)
			RefreshPlugins (0ms)
			BeforeProcessingInitializeOnLoad (49ms)
			ProcessInitializeOnLoadAttributes (280ms)
			ProcessInitializeOnLoadMethodAttributes (27ms)
			AfterProcessingInitializeOnLoad (3ms)
			EditorAssembliesLoaded (0ms)
		ExecutionOrderSort2 (0ms)
		AwakeInstancesAfterBackupRestoration (4ms)
Launched and connected shader compiler UnityShaderCompiler.exe after 0.04 seconds
Refreshing native plugins compatible for Editor in 3.30 ms, found 4 plugins.
Preloading 0 native plugins for Editor in 0.00 ms.
Unloading 4102 Unused Serialized files (Serialized files now loaded: 0)
Unloading 79 unused Assets / (250.3 KB). Loaded Objects now: 4555.
Memory consumption went from 153.4 MB to 153.1 MB.
Total: 3.412300 ms (FindLiveObjects: 0.298300 ms CreateObjectMapping: 0.236700 ms MarkObjects: 2.664100 ms  DeleteObjects: 0.212500 ms)

AssetImportParameters requested are different than current active one (requested -> active):
  custom:container-demuxer-ogg: 62fdf1f143b41e24485cea50d1cbac27 -> 
  custom:video-decoder-ogg-theora: a1e56fd34408186e4bbccfd4996cb3dc -> 
  custom:framework-win-MediaFoundation: 216162199b28c13a410421893ffa2e32 -> 
  custom:CustomObjectIndexerAttribute: 9a22284fe3817be447336de3de66b15e -> 
  custom:container-demuxer-webm: 4f35f7cbe854078d1ac9338744f61a02 -> 
  custom:container-muxer-webm: aa71ff27fc2769a1b78a27578f13a17b -> 
  custom:video-decoder-webm-vp8: 9c59270c3fd7afecdb556c50c9e8de78 -> 
  custom:SearchIndexIgnoredProperties: e643bd26f0fe6173181afceb89e7c659 -> 
  custom:AudioImporter_EditorPlatform: d09bf68614088b80899f8185d706f6e7 -> 
  custom:video-encoder-webm-vp8: eb34c28f22e8b96e1ab97ce403110664 -> 
  custom:audio-decoder-ogg-vorbis: bf7c407c2cedff20999df2af8eb42d56 -> 
  custom:audio-encoder-webm-vorbis: bf7c407c2cedff20999df2af8eb42d56 -> 
========================================================================
Received Import Request.
  Time since last request: 6482.818486 seconds.
  path: Assets/SCI-FI_UI_SFX_PACK/FX Sounds
  artifactKey: Guid(bf5d64c34bfb07e4bb7eb973451aa3f4) Importer(815301076,1909f56bfc062723c751e8b465ee728b)
Start importing Assets/SCI-FI_UI_SFX_PACK/FX Sounds using Guid(bf5d64c34bfb07e4bb7eb973451aa3f4) Importer(815301076,1909f56bfc062723c751e8b465ee728b) [PhysX] Initialized MultithreadedTaskDispatcher with 16 workers.
 -> (artifact id: '92b4affa09f2ed4d56c0aca5c5c80fb4') in 0.002539 seconds
Number of updated asset objects reloaded before import = 0
Number of asset objects unloaded after import = 0
========================================================================
Received Import Request.
  Time since last request: 0.045534 seconds.
  path: Assets/SCI-FI_UI_SFX_PACK/FX Sounds/Air_FX.wav
  artifactKey: Guid(9f794fc6c0f77d54ca8293eeca3dceed) Importer(815301076,1909f56bfc062723c751e8b465ee728b)
Start importing Assets/SCI-FI_UI_SFX_PACK/FX Sounds/Air_FX.wav using Guid(9f794fc6c0f77d54ca8293eeca3dceed) Importer(815301076,1909f56bfc062723c751e8b465ee728b) [PhysX] Initialized MultithreadedTaskDispatcher with 16 workers.
[PhysX] Initialized MultithreadedTaskDispatcher with 16 workers.
 -> (artifact id: '9a43368c2cefa6fc7514e75fabfc1910') in 0.054605 seconds
Number of updated asset objects reloaded before import = 0
Number of asset objects unloaded after import = 2
========================================================================
Received Import Request.
  Time since last request: 6.906722 seconds.
  path: Assets/SCI-FI_UI_SFX_PACK/Glitches
  artifactKey: Guid(03c8a687150312044b822f1e1e24aeb7) Importer(815301076,1909f56bfc062723c751e8b465ee728b)
Start importing Assets/SCI-FI_UI_SFX_PACK/Glitches using Guid(03c8a687150312044b822f1e1e24aeb7) Importer(815301076,1909f56bfc062723c751e8b465ee728b) [PhysX] Initialized MultithreadedTaskDispatcher with 16 workers.
 -> (artifact id: '690235b093556b97a6bfc1995c4d2be7') in 0.000371 seconds
Number of updated asset objects reloaded before import = 0
Number of asset objects unloaded after import = 0
========================================================================
Received Import Request.
  Time since last request: 0.072256 seconds.
  path: Assets/SCI-FI_UI_SFX_PACK/Glitches/Glitch.wav
  artifactKey: Guid(51031005fe86fe749bbacae65442f252) Importer(815301076,1909f56bfc062723c751e8b465ee728b)
Start importing Assets/SCI-FI_UI_SFX_PACK/Glitches/Glitch.wav using Guid(51031005fe86fe749bbacae65442f252) Importer(815301076,1909f56bfc062723c751e8b465ee728b) [PhysX] Initialized MultithreadedTaskDispatcher with 16 workers.
[PhysX] Initialized MultithreadedTaskDispatcher with 16 workers.
 -> (artifact id: '12959cb64ef4ee0cbad1bae3753c7ce6') in 0.012098 seconds
Number of updated asset objects reloaded before import = 0
Number of asset objects unloaded after import = 2
========================================================================
Received Import Request.
  Time since last request: 0.000014 seconds.
  path: Assets/SCI-FI_UI_SFX_PACK/Glitches/Glitch_18.wav
  artifactKey: Guid(1df9e7009f445bc48933bed7ef95422c) Importer(815301076,1909f56bfc062723c751e8b465ee728b)
Start importing Assets/SCI-FI_UI_SFX_PACK/Glitches/Glitch_18.wav using Guid(1df9e7009f445bc48933bed7ef95422c) Importer(815301076,1909f56bfc062723c751e8b465ee728b) [PhysX] Initialized MultithreadedTaskDispatcher with 16 workers.
[PhysX] Initialized MultithreadedTaskDispatcher with 16 workers.
 -> (artifact id: '7cfd46ce8fce7d1b1a399147dc625afc') in 0.012474 seconds
Number of updated asset objects reloaded before import = 0
Number of asset objects unloaded after import = 2
========================================================================
Received Import Request.
  Time since last request: 0.000018 seconds.
  path: Assets/SCI-FI_UI_SFX_PACK/Glitches/Glitch_9.wav
  artifactKey: Guid(2dbdd3e70c66d1a4fb13f566ac1ec927) Importer(815301076,1909f56bfc062723c751e8b465ee728b)
Start importing Assets/SCI-FI_UI_SFX_PACK/Glitches/Glitch_9.wav using Guid(2dbdd3e70c66d1a4fb13f566ac1ec927) Importer(815301076,1909f56bfc062723c751e8b465ee728b) [PhysX] Initialized MultithreadedTaskDispatcher with 16 workers.
[PhysX] Initialized MultithreadedTaskDispatcher with 16 workers.
 -> (artifact id: 'cca07d4d7184a4296f73d8f108506265') in 0.011124 seconds
Number of updated asset objects reloaded before import = 0
Number of asset objects unloaded after import = 2
========================================================================
Received Import Request.
  Time since last request: 0.000018 seconds.
  path: Assets/SCI-FI_UI_SFX_PACK/Glitches/Glitch_4.wav
  artifactKey: Guid(98230377441bd4447bb237dc2951a948) Importer(815301076,1909f56bfc062723c751e8b465ee728b)
Start importing Assets/SCI-FI_UI_SFX_PACK/Glitches/Glitch_4.wav using Guid(98230377441bd4447bb237dc2951a948) Importer(815301076,1909f56bfc062723c751e8b465ee728b) [PhysX] Initialized MultithreadedTaskDispatcher with 16 workers.
[PhysX] Initialized MultithreadedTaskDispatcher with 16 workers.
 -> (artifact id: 'a214b11149344046c75fe65c1f157570') in 0.011723 seconds
Number of updated asset objects reloaded before import = 0
Number of asset objects unloaded after import = 2
========================================================================
Received Import Request.
  Time since last request: 0.000018 seconds.
  path: Assets/SCI-FI_UI_SFX_PACK/Glitches/Glitch_24.wav
  artifactKey: Guid(b1805c9ae59f32d4f8bb822d9bec4141) Importer(815301076,1909f56bfc062723c751e8b465ee728b)
Start importing Assets/SCI-FI_UI_SFX_PACK/Glitches/Glitch_24.wav using Guid(b1805c9ae59f32d4f8bb822d9bec4141) Importer(815301076,1909f56bfc062723c751e8b465ee728b) [PhysX] Initialized MultithreadedTaskDispatcher with 16 workers.
[PhysX] Initialized MultithreadedTaskDispatcher with 16 workers.
 -> (artifact id: '37fbf10e74a708792d4230b3f1a0ab47') in 0.011031 seconds
Number of updated asset objects reloaded before import = 0
Number of asset objects unloaded after import = 2
========================================================================
Received Import Request.
  Time since last request: 0.000019 seconds.
  path: Assets/SCI-FI_UI_SFX_PACK/Glitches/Glitch_8.wav
  artifactKey: Guid(11c0821a349d63048bdf0e5ac2b30cb8) Importer(815301076,1909f56bfc062723c751e8b465ee728b)
Start importing Assets/SCI-FI_UI_SFX_PACK/Glitches/Glitch_8.wav using Guid(11c0821a349d63048bdf0e5ac2b30cb8) Importer(815301076,1909f56bfc062723c751e8b465ee728b) [PhysX] Initialized MultithreadedTaskDispatcher with 16 workers.
[PhysX] Initialized MultithreadedTaskDispatcher with 16 workers.
 -> (artifact id: '84d77d9b3950ca8c92d9b73d1f4460bb') in 0.011942 seconds
Number of updated asset objects reloaded before import = 0
Number of asset objects unloaded after import = 2
========================================================================
Received Import Request.
  Time since last request: 0.000017 seconds.
  path: Assets/SCI-FI_UI_SFX_PACK/Glitches/Glitch_20.wav
  artifactKey: Guid(fe9f9c327faf94c41beccd7c47d3ad68) Importer(815301076,1909f56bfc062723c751e8b465ee728b)
Start importing Assets/SCI-FI_UI_SFX_PACK/Glitches/Glitch_20.wav using Guid(fe9f9c327faf94c41beccd7c47d3ad68) Importer(815301076,1909f56bfc062723c751e8b465ee728b) [PhysX] Initialized MultithreadedTaskDispatcher with 16 workers.
[PhysX] Initialized MultithreadedTaskDispatcher with 16 workers.
 -> (artifact id: '92f8bcc4ef1569f0288fdd7534a21b7e') in 0.010806 seconds
Number of updated asset objects reloaded before import = 0
Number of asset objects unloaded after import = 2
========================================================================
Received Import Request.
  Time since last request: 0.000018 seconds.
  path: Assets/SCI-FI_UI_SFX_PACK/Glitches/Glitch_27.wav
  artifactKey: Guid(e710da79f22cf834fbfaf741ad610377) Importer(815301076,1909f56bfc062723c751e8b465ee728b)
Start importing Assets/SCI-FI_UI_SFX_PACK/Glitches/Glitch_27.wav using Guid(e710da79f22cf834fbfaf741ad610377) Importer(815301076,1909f56bfc062723c751e8b465ee728b) [PhysX] Initialized MultithreadedTaskDispatcher with 16 workers.
[PhysX] Initialized MultithreadedTaskDispatcher with 16 workers.
 -> (artifact id: 'f6275ea80bb068a590adff6188f57d61') in 0.012839 seconds
Number of updated asset objects reloaded before import = 0
Number of asset objects unloaded after import = 2
========================================================================
Received Import Request.
  Time since last request: 3.605074 seconds.
  path: Assets/SCI-FI_UI_SFX_PACK/Impacts
  artifactKey: Guid(cc54ceb94ec30314da93d6b1b3fa7e9c) Importer(815301076,1909f56bfc062723c751e8b465ee728b)
Start importing Assets/SCI-FI_UI_SFX_PACK/Impacts using Guid(cc54ceb94ec30314da93d6b1b3fa7e9c) Importer(815301076,1909f56bfc062723c751e8b465ee728b) [PhysX] Initialized MultithreadedTaskDispatcher with 16 workers.
 -> (artifact id: '8da98d27f481b324aeb58c98103a25a4') in 0.000372 seconds
Number of updated asset objects reloaded before import = 0
Number of asset objects unloaded after import = 0
========================================================================
Received Import Request.
  Time since last request: 0.049099 seconds.
  path: Assets/SCI-FI_UI_SFX_PACK/Impacts/Impact_1.wav
  artifactKey: Guid(eb4c58967fc61c04bbb063f324b0ab05) Importer(815301076,1909f56bfc062723c751e8b465ee728b)
Start importing Assets/SCI-FI_UI_SFX_PACK/Impacts/Impact_1.wav using Guid(eb4c58967fc61c04bbb063f324b0ab05) Importer(815301076,1909f56bfc062723c751e8b465ee728b) [PhysX] Initialized MultithreadedTaskDispatcher with 16 workers.
[PhysX] Initialized MultithreadedTaskDispatcher with 16 workers.
 -> (artifact id: 'ff5461696456e5ef4848d38321673256') in 0.042990 seconds
Number of updated asset objects reloaded before import = 0
Number of asset objects unloaded after import = 2
========================================================================
Received Import Request.
  Time since last request: 4.422393 seconds.
  path: Assets/SCI-FI_UI_SFX_PACK/Rings
  artifactKey: Guid(8958d8c306090e74c88b667af195865e) Importer(815301076,1909f56bfc062723c751e8b465ee728b)
Start importing Assets/SCI-FI_UI_SFX_PACK/Rings using Guid(8958d8c306090e74c88b667af195865e) Importer(815301076,1909f56bfc062723c751e8b465ee728b) [PhysX] Initialized MultithreadedTaskDispatcher with 16 workers.
 -> (artifact id: '6bb69ed2e118ddb1196edbab3707e400') in 0.000425 seconds
Number of updated asset objects reloaded before import = 0
Number of asset objects unloaded after import = 0
========================================================================
Received Import Request.
  Time since last request: 0.053460 seconds.
  path: Assets/SCI-FI_UI_SFX_PACK/Rings/Reverse_Ring.wav
  artifactKey: Guid(79ff3f19002647840b71ff45befc652d) Importer(815301076,1909f56bfc062723c751e8b465ee728b)
Start importing Assets/SCI-FI_UI_SFX_PACK/Rings/Reverse_Ring.wav using Guid(79ff3f19002647840b71ff45befc652d) Importer(815301076,1909f56bfc062723c751e8b465ee728b) [PhysX] Initialized MultithreadedTaskDispatcher with 16 workers.
[PhysX] Initialized MultithreadedTaskDispatcher with 16 workers.
 -> (artifact id: '48fa38a132a7d0895bf9ed36db0a662c') in 0.018605 seconds
Number of updated asset objects reloaded before import = 0
Number of asset objects unloaded after import = 2
========================================================================
Received Import Request.
  Time since last request: 0.000013 seconds.
  path: Assets/SCI-FI_UI_SFX_PACK/Rings/Reverse_Ring_2_Very_Low.wav
  artifactKey: Guid(d43122089bf826d49bcca8c15cc95aad) Importer(815301076,1909f56bfc062723c751e8b465ee728b)
Start importing Assets/SCI-FI_UI_SFX_PACK/Rings/Reverse_Ring_2_Very_Low.wav using Guid(d43122089bf826d49bcca8c15cc95aad) Importer(815301076,1909f56bfc062723c751e8b465ee728b) [PhysX] Initialized MultithreadedTaskDispatcher with 16 workers.
[PhysX] Initialized MultithreadedTaskDispatcher with 16 workers.
 -> (artifact id: '1afa724716eb2e8ccd4ee595b2bac520') in 0.074946 seconds
Number of updated asset objects reloaded before import = 0
Number of asset objects unloaded after import = 2
========================================================================
Received Import Request.
  Time since last request: 2.973840 seconds.
  path: Assets/SCI-FI_UI_SFX_PACK/Tone1
  artifactKey: Guid(350d9b27568545e4a9949c8b1b3e1b21) Importer(815301076,1909f56bfc062723c751e8b465ee728b)
Start importing Assets/SCI-FI_UI_SFX_PACK/Tone1 using Guid(350d9b27568545e4a9949c8b1b3e1b21) Importer(815301076,1909f56bfc062723c751e8b465ee728b) [PhysX] Initialized MultithreadedTaskDispatcher with 16 workers.
 -> (artifact id: 'e0b509535295facf3f794a2d6e5128f3') in 0.000362 seconds
Number of updated asset objects reloaded before import = 0
Number of asset objects unloaded after import = 0
========================================================================
Received Import Request.
  Time since last request: 0.688058 seconds.
  path: Assets/SCI-FI_UI_SFX_PACK/Tone1/Fifth
  artifactKey: Guid(bbd1a70e75e325a48b60936ac5134b08) Importer(815301076,1909f56bfc062723c751e8b465ee728b)
Start importing Assets/SCI-FI_UI_SFX_PACK/Tone1/Fifth using Guid(bbd1a70e75e325a48b60936ac5134b08) Importer(815301076,1909f56bfc062723c751e8b465ee728b) [PhysX] Initialized MultithreadedTaskDispatcher with 16 workers.
 -> (artifact id: 'a42223e4bd65c0315c08c22401da88f5') in 0.000522 seconds
Number of updated asset objects reloaded before import = 0
Number of asset objects unloaded after import = 0
========================================================================
Received Import Request.
  Time since last request: 0.048431 seconds.
  path: Assets/SCI-FI_UI_SFX_PACK/Tone1/Fifth/Tone1A_FifthDown.wav
  artifactKey: Guid(90bb9f3b7041c9d4b8dcdff2d3b8cbf2) Importer(815301076,1909f56bfc062723c751e8b465ee728b)
Start importing Assets/SCI-FI_UI_SFX_PACK/Tone1/Fifth/Tone1A_FifthDown.wav using Guid(90bb9f3b7041c9d4b8dcdff2d3b8cbf2) Importer(815301076,1909f56bfc062723c751e8b465ee728b) [PhysX] Initialized MultithreadedTaskDispatcher with 16 workers.
[PhysX] Initialized MultithreadedTaskDispatcher with 16 workers.
 -> (artifact id: '73a8992b441d6132119dd719c334b5af') in 0.014135 seconds
Number of updated asset objects reloaded before import = 0
Number of asset objects unloaded after import = 2
========================================================================
Received Import Request.
  Time since last request: 0.000016 seconds.
  path: Assets/SCI-FI_UI_SFX_PACK/Tone1/Fifth/Tone1C_FifthOctaveUp.wav
  artifactKey: Guid(4d9d52e94da645b479d6777f32ff3ba6) Importer(815301076,1909f56bfc062723c751e8b465ee728b)
Start importing Assets/SCI-FI_UI_SFX_PACK/Tone1/Fifth/Tone1C_FifthOctaveUp.wav using Guid(4d9d52e94da645b479d6777f32ff3ba6) Importer(815301076,1909f56bfc062723c751e8b465ee728b) [PhysX] Initialized MultithreadedTaskDispatcher with 16 workers.
[PhysX] Initialized MultithreadedTaskDispatcher with 16 workers.
 -> (artifact id: '79575eedfe024bce28e7ef098655f258') in 0.012684 seconds
Number of updated asset objects reloaded before import = 0
Number of asset objects unloaded after import = 2
========================================================================
Received Import Request.
  Time since last request: 0.000017 seconds.
  path: Assets/SCI-FI_UI_SFX_PACK/Tone1/Fifth/Tone1B_FifthUp.wav
  artifactKey: Guid(37a8f2be1ac7bc5439b360fb20adc6c2) Importer(815301076,1909f56bfc062723c751e8b465ee728b)
Start importing Assets/SCI-FI_UI_SFX_PACK/Tone1/Fifth/Tone1B_FifthUp.wav using Guid(37a8f2be1ac7bc5439b360fb20adc6c2) Importer(815301076,1909f56bfc062723c751e8b465ee728b) [PhysX] Initialized MultithreadedTaskDispatcher with 16 workers.
[PhysX] Initialized MultithreadedTaskDispatcher with 16 workers.
 -> (artifact id: '9164867564794bf3021931d748a0bc74') in 0.010557 seconds
Number of updated asset objects reloaded before import = 0
Number of asset objects unloaded after import = 2
========================================================================
Received Import Request.
  Time since last request: 0.000016 seconds.
  path: Assets/SCI-FI_UI_SFX_PACK/Tone1/Fifth/Tone1D_FifthUp.wav
  artifactKey: Guid(5fc0b953e09b39043ab92bd034ac9bda) Importer(815301076,1909f56bfc062723c751e8b465ee728b)
Start importing Assets/SCI-FI_UI_SFX_PACK/Tone1/Fifth/Tone1D_FifthUp.wav using Guid(5fc0b953e09b39043ab92bd034ac9bda) Importer(815301076,1909f56bfc062723c751e8b465ee728b) [PhysX] Initialized MultithreadedTaskDispatcher with 16 workers.
[PhysX] Initialized MultithreadedTaskDispatcher with 16 workers.
 -> (artifact id: 'c5a1d0d02041bab6a720beca87c83bba') in 0.011074 seconds
Number of updated asset objects reloaded before import = 0
Number of asset objects unloaded after import = 2
========================================================================
Received Import Request.
  Time since last request: 2.944137 seconds.
  path: Assets/SCI-FI_UI_SFX_PACK/Tone1/Tritone
  artifactKey: Guid(1ccc7dd7c49b49d4b9a42f3642765233) Importer(815301076,1909f56bfc062723c751e8b465ee728b)
Start importing Assets/SCI-FI_UI_SFX_PACK/Tone1/Tritone using Guid(1ccc7dd7c49b49d4b9a42f3642765233) Importer(815301076,1909f56bfc062723c751e8b465ee728b) [PhysX] Initialized MultithreadedTaskDispatcher with 16 workers.
 -> (artifact id: '4885ff897f7a4d547dadc016cbc69e28') in 0.000465 seconds
Number of updated asset objects reloaded before import = 0
Number of asset objects unloaded after import = 0
========================================================================
Received Import Request.
  Time since last request: 0.052775 seconds.
  path: Assets/SCI-FI_UI_SFX_PACK/Tone1/Tritone/Tone1A_TritoneDown.wav
  artifactKey: Guid(546b4db3eb80e614495d6cdc8fc74955) Importer(815301076,1909f56bfc062723c751e8b465ee728b)
Start importing Assets/SCI-FI_UI_SFX_PACK/Tone1/Tritone/Tone1A_TritoneDown.wav using Guid(546b4db3eb80e614495d6cdc8fc74955) Importer(815301076,1909f56bfc062723c751e8b465ee728b) [PhysX] Initialized MultithreadedTaskDispatcher with 16 workers.
[PhysX] Initialized MultithreadedTaskDispatcher with 16 workers.
 -> (artifact id: '4571287af9212a68d559a730d8aefa1c') in 0.011590 seconds
Number of updated asset objects reloaded before import = 0
Number of asset objects unloaded after import = 2
========================================================================
Received Import Request.
  Time since last request: 0.000016 seconds.
  path: Assets/SCI-FI_UI_SFX_PACK/Tone1/Tritone/Tone1C_TritoneUp.wav
  artifactKey: Guid(cc3eaddec7ba6ee428be60cfe691f5b1) Importer(815301076,1909f56bfc062723c751e8b465ee728b)
Start importing Assets/SCI-FI_UI_SFX_PACK/Tone1/Tritone/Tone1C_TritoneUp.wav using Guid(cc3eaddec7ba6ee428be60cfe691f5b1) Importer(815301076,1909f56bfc062723c751e8b465ee728b) [PhysX] Initialized MultithreadedTaskDispatcher with 16 workers.
[PhysX] Initialized MultithreadedTaskDispatcher with 16 workers.
 -> (artifact id: 'f0f618b515f6b9df2f91a6b8a7bbddf5') in 0.011583 seconds
Number of updated asset objects reloaded before import = 0
Number of asset objects unloaded after import = 2
========================================================================
Received Import Request.
  Time since last request: 0.000015 seconds.
  path: Assets/SCI-FI_UI_SFX_PACK/Tone1/Tritone/Tone1C_TritoneOctaveDown.wav
  artifactKey: Guid(d2a1bf391c0df6144b64aee750021ea7) Importer(815301076,1909f56bfc062723c751e8b465ee728b)
Start importing Assets/SCI-FI_UI_SFX_PACK/Tone1/Tritone/Tone1C_TritoneOctaveDown.wav using Guid(d2a1bf391c0df6144b64aee750021ea7) Importer(815301076,1909f56bfc062723c751e8b465ee728b) [PhysX] Initialized MultithreadedTaskDispatcher with 16 workers.
[PhysX] Initialized MultithreadedTaskDispatcher with 16 workers.
 -> (artifact id: 'f6dffaea97a6cf1d973adcf283f8422d') in 0.011373 seconds
Number of updated asset objects reloaded before import = 0
Number of asset objects unloaded after import = 2
========================================================================
Received Import Request.
  Time since last request: 0.000018 seconds.
  path: Assets/SCI-FI_UI_SFX_PACK/Tone1/Tritone/Tone1B_TritoneUp.wav
  artifactKey: Guid(43de6fd262c9d9e429f4383fba341a12) Importer(815301076,1909f56bfc062723c751e8b465ee728b)
Start importing Assets/SCI-FI_UI_SFX_PACK/Tone1/Tritone/Tone1B_TritoneUp.wav using Guid(43de6fd262c9d9e429f4383fba341a12) Importer(815301076,1909f56bfc062723c751e8b465ee728b) [PhysX] Initialized MultithreadedTaskDispatcher with 16 workers.
[PhysX] Initialized MultithreadedTaskDispatcher with 16 workers.
 -> (artifact id: '6ad1bf807fc3197a2e227db1827bd899') in 0.012837 seconds
Number of updated asset objects reloaded before import = 0
Number of asset objects unloaded after import = 2
========================================================================
Received Import Request.
  Time since last request: 37.725447 seconds.
  path: Assets/SCI-FI_UI_SFX_PACK/Tone1/Minor
  artifactKey: Guid(ae4aa22822d4dd2429fb185d5e166412) Importer(815301076,1909f56bfc062723c751e8b465ee728b)
Start importing Assets/SCI-FI_UI_SFX_PACK/Tone1/Minor using Guid(ae4aa22822d4dd2429fb185d5e166412) Importer(815301076,1909f56bfc062723c751e8b465ee728b) [PhysX] Initialized MultithreadedTaskDispatcher with 16 workers.
 -> (artifact id: '4c1501d409288912c490388438911fc4') in 0.000405 seconds
Number of updated asset objects reloaded before import = 0
Number of asset objects unloaded after import = 0
========================================================================
Received Import Request.
  Time since last request: 0.047735 seconds.
  path: Assets/SCI-FI_UI_SFX_PACK/Tone1/Minor/Tone1A_MinorThirdDown.wav
  artifactKey: Guid(6d4d1240e5963dd498afae5f3bd07df8) Importer(815301076,1909f56bfc062723c751e8b465ee728b)
Start importing Assets/SCI-FI_UI_SFX_PACK/Tone1/Minor/Tone1A_MinorThirdDown.wav using Guid(6d4d1240e5963dd498afae5f3bd07df8) Importer(815301076,1909f56bfc062723c751e8b465ee728b) [PhysX] Initialized MultithreadedTaskDispatcher with 16 workers.
[PhysX] Initialized MultithreadedTaskDispatcher with 16 workers.
 -> (artifact id: '3192765775ff5521f8448288bb0b5899') in 0.012508 seconds
Number of updated asset objects reloaded before import = 0
Number of asset objects unloaded after import = 2
========================================================================
Received Import Request.
  Time since last request: 0.000016 seconds.
  path: Assets/SCI-FI_UI_SFX_PACK/Tone1/Minor/Tone1B_MinorThirdUp.wav
  artifactKey: Guid(44e2164e10494c7448aa435e06dc3e1b) Importer(815301076,1909f56bfc062723c751e8b465ee728b)
Start importing Assets/SCI-FI_UI_SFX_PACK/Tone1/Minor/Tone1B_MinorThirdUp.wav using Guid(44e2164e10494c7448aa435e06dc3e1b) Importer(815301076,1909f56bfc062723c751e8b465ee728b) [PhysX] Initialized MultithreadedTaskDispatcher with 16 workers.
[PhysX] Initialized MultithreadedTaskDispatcher with 16 workers.
 -> (artifact id: '990a2fbf6aac0b7e7aae794bbc5f652a') in 0.015630 seconds
Number of updated asset objects reloaded before import = 0
Number of asset objects unloaded after import = 2
========================================================================
Received Import Request.
  Time since last request: 0.000014 seconds.
  path: Assets/SCI-FI_UI_SFX_PACK/Tone1/Minor/Tone1D_MinorThirdDown.wav
  artifactKey: Guid(e328aa1270608c347931194c6afab031) Importer(815301076,1909f56bfc062723c751e8b465ee728b)
Start importing Assets/SCI-FI_UI_SFX_PACK/Tone1/Minor/Tone1D_MinorThirdDown.wav using Guid(e328aa1270608c347931194c6afab031) Importer(815301076,1909f56bfc062723c751e8b465ee728b) [PhysX] Initialized MultithreadedTaskDispatcher with 16 workers.
[PhysX] Initialized MultithreadedTaskDispatcher with 16 workers.
 -> (artifact id: '833a30f05e6a4a8554306ae4c3b695a1') in 0.085225 seconds
Number of updated asset objects reloaded before import = 0
Number of asset objects unloaded after import = 2
========================================================================
Received Import Request.
  Time since last request: 6.691685 seconds.
  path: Assets/SCI-FI_UI_SFX_PACK/Tone1/Fourth
  artifactKey: Guid(cf2b085c063e33b43a4756609104a7ac) Importer(815301076,1909f56bfc062723c751e8b465ee728b)
Start importing Assets/SCI-FI_UI_SFX_PACK/Tone1/Fourth using Guid(cf2b085c063e33b43a4756609104a7ac) Importer(815301076,1909f56bfc062723c751e8b465ee728b) [PhysX] Initialized MultithreadedTaskDispatcher with 16 workers.
 -> (artifact id: 'fb1aa5211cb9f033fbf701987bfec1e5') in 0.000353 seconds
Number of updated asset objects reloaded before import = 0
Number of asset objects unloaded after import = 0
========================================================================
Received Import Request.
  Time since last request: 0.051180 seconds.
  path: Assets/SCI-FI_UI_SFX_PACK/Tone1/Fourth/Tone1A_FourthDown.wav
  artifactKey: Guid(055745152a8b9c94b999dd27867dbb13) Importer(815301076,1909f56bfc062723c751e8b465ee728b)
Start importing Assets/SCI-FI_UI_SFX_PACK/Tone1/Fourth/Tone1A_FourthDown.wav using Guid(055745152a8b9c94b999dd27867dbb13) Importer(815301076,1909f56bfc062723c751e8b465ee728b) [PhysX] Initialized MultithreadedTaskDispatcher with 16 workers.
[PhysX] Initialized MultithreadedTaskDispatcher with 16 workers.
 -> (artifact id: '9cadfa868a4baea53b359b425ddf9e98') in 0.013020 seconds
Number of updated asset objects reloaded before import = 0
Number of asset objects unloaded after import = 2
========================================================================
Received Import Request.
  Time since last request: 0.000019 seconds.
  path: Assets/SCI-FI_UI_SFX_PACK/Tone1/Fourth/Tone1D_FourthOctaveUp.wav
  artifactKey: Guid(439b8e10a8698654ea47bb29b40bd904) Importer(815301076,1909f56bfc062723c751e8b465ee728b)
Start importing Assets/SCI-FI_UI_SFX_PACK/Tone1/Fourth/Tone1D_FourthOctaveUp.wav using Guid(439b8e10a8698654ea47bb29b40bd904) Importer(815301076,1909f56bfc062723c751e8b465ee728b) [PhysX] Initialized MultithreadedTaskDispatcher with 16 workers.
[PhysX] Initialized MultithreadedTaskDispatcher with 16 workers.
 -> (artifact id: '69ec53421c159a9b0b0b67262bfbf886') in 0.051483 seconds
Number of updated asset objects reloaded before import = 0
Number of asset objects unloaded after import = 2
========================================================================
Received Import Request.
  Time since last request: 0.000018 seconds.
  path: Assets/SCI-FI_UI_SFX_PACK/Tone1/Fourth/Tone1D_FourthUp.wav
  artifactKey: Guid(8da0b88ccee3b264c924693a92494095) Importer(815301076,1909f56bfc062723c751e8b465ee728b)
Start importing Assets/SCI-FI_UI_SFX_PACK/Tone1/Fourth/Tone1D_FourthUp.wav using Guid(8da0b88ccee3b264c924693a92494095) Importer(815301076,1909f56bfc062723c751e8b465ee728b) [PhysX] Initialized MultithreadedTaskDispatcher with 16 workers.
[PhysX] Initialized MultithreadedTaskDispatcher with 16 workers.
 -> (artifact id: '732135aa9513a3de0c02d9ea3a77fed6') in 0.040292 seconds
Number of updated asset objects reloaded before import = 0
Number of asset objects unloaded after import = 2
========================================================================
Received Import Request.
  Time since last request: 0.000023 seconds.
  path: Assets/SCI-FI_UI_SFX_PACK/Tone1/Fourth/Tone1B_FourthOctaveDown.wav
  artifactKey: Guid(09c31228901616f4cb7ee312a27379c1) Importer(815301076,1909f56bfc062723c751e8b465ee728b)
Start importing Assets/SCI-FI_UI_SFX_PACK/Tone1/Fourth/Tone1B_FourthOctaveDown.wav using Guid(09c31228901616f4cb7ee312a27379c1) Importer(815301076,1909f56bfc062723c751e8b465ee728b) [PhysX] Initialized MultithreadedTaskDispatcher with 16 workers.
[PhysX] Initialized MultithreadedTaskDispatcher with 16 workers.
 -> (artifact id: 'b59dafea9aa99cdf666ecf81a319391c') in 0.082430 seconds
Number of updated asset objects reloaded before import = 0
Number of asset objects unloaded after import = 2
========================================================================
Received Import Request.
  Time since last request: 2.361736 seconds.
  path: Assets/SCI-FI_UI_SFX_PACK/Tone1/Basic Tones
  artifactKey: Guid(6ae3b198419138045866d20775d89d62) Importer(815301076,1909f56bfc062723c751e8b465ee728b)
Start importing Assets/SCI-FI_UI_SFX_PACK/Tone1/Basic Tones using Guid(6ae3b198419138045866d20775d89d62) Importer(815301076,1909f56bfc062723c751e8b465ee728b) [PhysX] Initialized MultithreadedTaskDispatcher with 16 workers.
 -> (artifact id: '6af39ca02a4c883a4797f35ccdef5e85') in 0.000436 seconds
Number of updated asset objects reloaded before import = 0
Number of asset objects unloaded after import = 0
========================================================================
Received Import Request.
  Time since last request: 0.062592 seconds.
  path: Assets/SCI-FI_UI_SFX_PACK/Tone1/Basic Tones/Tone1A.wav
  artifactKey: Guid(93c3e194741b82e4d9b9653c57595c8c) Importer(815301076,1909f56bfc062723c751e8b465ee728b)
Start importing Assets/SCI-FI_UI_SFX_PACK/Tone1/Basic Tones/Tone1A.wav using Guid(93c3e194741b82e4d9b9653c57595c8c) Importer(815301076,1909f56bfc062723c751e8b465ee728b) [PhysX] Initialized MultithreadedTaskDispatcher with 16 workers.
[PhysX] Initialized MultithreadedTaskDispatcher with 16 workers.
 -> (artifact id: '124da1159167802602a685a1bf7f020e') in 0.012425 seconds
Number of updated asset objects reloaded before import = 0
Number of asset objects unloaded after import = 2
========================================================================
Received Import Request.
  Time since last request: 0.000017 seconds.
  path: Assets/SCI-FI_UI_SFX_PACK/Tone1/Basic Tones/Tone1D_Double.wav
  artifactKey: Guid(cea65c6208fba7c43bd96f98b3806a89) Importer(815301076,1909f56bfc062723c751e8b465ee728b)
Start importing Assets/SCI-FI_UI_SFX_PACK/Tone1/Basic Tones/Tone1D_Double.wav using Guid(cea65c6208fba7c43bd96f98b3806a89) Importer(815301076,1909f56bfc062723c751e8b465ee728b) [PhysX] Initialized MultithreadedTaskDispatcher with 16 workers.
[PhysX] Initialized MultithreadedTaskDispatcher with 16 workers.
 -> (artifact id: '01cbd25cca26b137eead7d80c2e61809') in 0.012230 seconds
Number of updated asset objects reloaded before import = 0
Number of asset objects unloaded after import = 2
========================================================================
Received Import Request.
  Time since last request: 5.956324 seconds.
  path: Assets/SCI-FI_UI_SFX_PACK/Click Combos
  artifactKey: Guid(e6b38242523f4b7479143b0f7c30af20) Importer(815301076,1909f56bfc062723c751e8b465ee728b)
Start importing Assets/SCI-FI_UI_SFX_PACK/Click Combos using Guid(e6b38242523f4b7479143b0f7c30af20) Importer(815301076,1909f56bfc062723c751e8b465ee728b) [PhysX] Initialized MultithreadedTaskDispatcher with 16 workers.
 -> (artifact id: '8756d213167eae04e43e2f54cb8a657c') in 0.000381 seconds
Number of updated asset objects reloaded before import = 0
Number of asset objects unloaded after import = 0
========================================================================
Received Import Request.
  Time since last request: 0.047299 seconds.
  path: Assets/SCI-FI_UI_SFX_PACK/Click Combos/Click_Combo.wav
  artifactKey: Guid(a82cecc47edef5248b77674531c74f83) Importer(815301076,1909f56bfc062723c751e8b465ee728b)
Start importing Assets/SCI-FI_UI_SFX_PACK/Click Combos/Click_Combo.wav using Guid(a82cecc47edef5248b77674531c74f83) Importer(815301076,1909f56bfc062723c751e8b465ee728b) [PhysX] Initialized MultithreadedTaskDispatcher with 16 workers.
[PhysX] Initialized MultithreadedTaskDispatcher with 16 workers.
 -> (artifact id: '5413d91a75986c1dbf2d304e51a79c2b') in 0.012018 seconds
Number of updated asset objects reloaded before import = 0
Number of asset objects unloaded after import = 2
========================================================================
Received Import Request.
  Time since last request: 0.000015 seconds.
  path: Assets/SCI-FI_UI_SFX_PACK/Click Combos/Click_Combo_5_Pitched_Up.wav
  artifactKey: Guid(2c24dcf4afa8c3040b829a8487fabf70) Importer(815301076,1909f56bfc062723c751e8b465ee728b)
Start importing Assets/SCI-FI_UI_SFX_PACK/Click Combos/Click_Combo_5_Pitched_Up.wav using Guid(2c24dcf4afa8c3040b829a8487fabf70) Importer(815301076,1909f56bfc062723c751e8b465ee728b) [PhysX] Initialized MultithreadedTaskDispatcher with 16 workers.
[PhysX] Initialized MultithreadedTaskDispatcher with 16 workers.
 -> (artifact id: '9f96b8fe346589b62f950ac26a6f5fc6') in 0.092497 seconds
Number of updated asset objects reloaded before import = 0
Number of asset objects unloaded after import = 2
========================================================================
Received Prepare
Begin MonoManager ReloadAssembly
Symbol file LoadedFromMemory is not a mono symbol file
Symbol file LoadedFromMemory is not a mono symbol file
- Loaded All Assemblies, in  0.423 seconds
Refreshing native plugins compatible for Editor in 3.15 ms, found 4 plugins.
Native extension for UWP target not found
Native extension for LinuxStandalone target not found
Native extension for WindowsStandalone target not found
Native extension for AppleTV target not found
Failed to load: D:/Unity/Editors/2022.3.37f1/Editor/Data/PlaybackEngines/VisionOSPlayer\x64\UnityEditor.VisionOS.Native.dll
Native extension for VisionOS target not found
Native extension for iOS target not found
Native extension for Android target not found
Native extension for OSXStandalone target not found
Native extension for WebGL target not found
Mono: successfully reloaded assembly
- Finished resetting the current domain, in  1.169 seconds
Domain Reload Profiling: 1591ms
	BeginReloadAssembly (147ms)
		ExecutionOrderSort (0ms)
		DisableScriptedObjects (9ms)
		BackupInstance (0ms)
		ReleaseScriptingObjects (0ms)
		CreateAndSetChildDomain (36ms)
	RebuildCommonClasses (24ms)
	RebuildNativeTypeToScriptingClass (8ms)
	initialDomainReloadingComplete (22ms)
	LoadAllAssembliesAndSetupDomain (221ms)
		LoadAssemblies (283ms)
		RebuildTransferFunctionScriptingTraits (0ms)
		AnalyzeDomain (14ms)
			TypeCache.Refresh (8ms)
				TypeCache.ScanAssembly (0ms)
			ScanForSourceGeneratedMonoScriptInfo (0ms)
			ResolveRequiredComponents (5ms)
	FinalizeReload (1170ms)
		ReleaseScriptCaches (0ms)
		RebuildScriptCaches (0ms)
		SetupLoadedEditorAssemblies (486ms)
			LogAssemblyErrors (0ms)
			InitializePlatformSupportModulesInManaged (37ms)
			SetLoadedEditorAssemblies (2ms)
			RefreshPlugins (0ms)
			BeforeProcessingInitializeOnLoad (60ms)
			ProcessInitializeOnLoadAttributes (348ms)
			ProcessInitializeOnLoadMethodAttributes (34ms)
			AfterProcessingInitializeOnLoad (4ms)
			EditorAssembliesLoaded (0ms)
		ExecutionOrderSort2 (0ms)
		AwakeInstancesAfterBackupRestoration (13ms)
Refreshing native plugins compatible for Editor in 4.42 ms, found 4 plugins.
Preloading 0 native plugins for Editor in 0.00 ms.
Unloading 4082 Unused Serialized files (Serialized files now loaded: 0)
Unloading 51 unused Assets / (223.4 KB). Loaded Objects now: 4569.
Memory consumption went from 147.8 MB to 147.5 MB.
Total: 3.213900 ms (FindLiveObjects: 0.270000 ms CreateObjectMapping: 0.173000 ms MarkObjects: 2.562200 ms  DeleteObjects: 0.207800 ms)

Prepare: number of updated asset objects reloaded= 0
AssetImportParameters requested are different than current active one (requested -> active):
  custom:container-demuxer-ogg: 62fdf1f143b41e24485cea50d1cbac27 -> 
  custom:video-decoder-ogg-theora: a1e56fd34408186e4bbccfd4996cb3dc -> 
  custom:framework-win-MediaFoundation: 216162199b28c13a410421893ffa2e32 -> 
  custom:CustomObjectIndexerAttribute: 9a22284fe3817be447336de3de66b15e -> 
  custom:container-demuxer-webm: 4f35f7cbe854078d1ac9338744f61a02 -> 
  custom:container-muxer-webm: aa71ff27fc2769a1b78a27578f13a17b -> 
  custom:video-decoder-webm-vp8: 9c59270c3fd7afecdb556c50c9e8de78 -> 
  custom:SearchIndexIgnoredProperties: e643bd26f0fe6173181afceb89e7c659 -> 
  custom:AudioImporter_EditorPlatform: d09bf68614088b80899f8185d706f6e7 -> 
  custom:video-encoder-webm-vp8: eb34c28f22e8b96e1ab97ce403110664 -> 
  custom:audio-decoder-ogg-vorbis: bf7c407c2cedff20999df2af8eb42d56 -> 
  custom:audio-encoder-webm-vorbis: bf7c407c2cedff20999df2af8eb42d56 -> 
========================================================================
Received Import Request.
  Time since last request: 48.164726 seconds.
  path: Assets/Game(Space Adventure)/Scenes/Main Menu_SAD.unity
  artifactKey: Guid(d6016cbb779e99e48bf384386441f88e) Importer(815301076,1909f56bfc062723c751e8b465ee728b)
Start importing Assets/Game(Space Adventure)/Scenes/Main Menu_SAD.unity using Guid(d6016cbb779e99e48bf384386441f88e) Importer(815301076,1909f56bfc062723c751e8b465ee728b) [PhysX] Initialized MultithreadedTaskDispatcher with 16 workers.
 -> (artifact id: 'b88f15d810e8f49a24af9d7d43ece1ad') in 0.001683 seconds
Number of updated asset objects reloaded before import = 0
Number of asset objects unloaded after import = 0
========================================================================
Received Prepare
Begin MonoManager ReloadAssembly
Symbol file LoadedFromMemory is not a mono symbol file
Symbol file LoadedFromMemory is not a mono symbol file
- Loaded All Assemblies, in  0.389 seconds
Refreshing native plugins compatible for Editor in 3.16 ms, found 4 plugins.
Native extension for UWP target not found
Native extension for LinuxStandalone target not found
Native extension for WindowsStandalone target not found
Native extension for AppleTV target not found
Failed to load: D:/Unity/Editors/2022.3.37f1/Editor/Data/PlaybackEngines/VisionOSPlayer\x64\UnityEditor.VisionOS.Native.dll
Native extension for VisionOS target not found
Native extension for iOS target not found
Native extension for Android target not found
Native extension for OSXStandalone target not found
Native extension for WebGL target not found
Mono: successfully reloaded assembly
- Finished resetting the current domain, in  0.758 seconds
Domain Reload Profiling: 1147ms
	BeginReloadAssembly (139ms)
		ExecutionOrderSort (0ms)
		DisableScriptedObjects (9ms)
		BackupInstance (0ms)
		ReleaseScriptingObjects (0ms)
		CreateAndSetChildDomain (37ms)
	RebuildCommonClasses (25ms)
	RebuildNativeTypeToScriptingClass (8ms)
	initialDomainReloadingComplete (21ms)
	LoadAllAssembliesAndSetupDomain (196ms)
		LoadAssemblies (243ms)
		RebuildTransferFunctionScriptingTraits (0ms)
		AnalyzeDomain (23ms)
			TypeCache.Refresh (9ms)
				TypeCache.ScanAssembly (0ms)
			ScanForSourceGeneratedMonoScriptInfo (8ms)
			ResolveRequiredComponents (5ms)
	FinalizeReload (758ms)
		ReleaseScriptCaches (0ms)
		RebuildScriptCaches (0ms)
		SetupLoadedEditorAssemblies (351ms)
			LogAssemblyErrors (0ms)
			InitializePlatformSupportModulesInManaged (32ms)
			SetLoadedEditorAssemblies (2ms)
			RefreshPlugins (0ms)
			BeforeProcessingInitializeOnLoad (47ms)
			ProcessInitializeOnLoadAttributes (244ms)
			ProcessInitializeOnLoadMethodAttributes (22ms)
			AfterProcessingInitializeOnLoad (3ms)
			EditorAssembliesLoaded (0ms)
		ExecutionOrderSort2 (0ms)
		AwakeInstancesAfterBackupRestoration (10ms)
Refreshing native plugins compatible for Editor in 2.69 ms, found 4 plugins.
Preloading 0 native plugins for Editor in 0.00 ms.
Unloading 4082 Unused Serialized files (Serialized files now loaded: 0)
Unloading 51 unused Assets / (222.3 KB). Loaded Objects now: 4573.
Memory consumption went from 147.8 MB to 147.5 MB.
Total: 3.021100 ms (FindLiveObjects: 0.280400 ms CreateObjectMapping: 0.159500 ms MarkObjects: 2.416800 ms  DeleteObjects: 0.163700 ms)

Prepare: number of updated asset objects reloaded= 0
AssetImportParameters requested are different than current active one (requested -> active):
  custom:container-demuxer-ogg: 62fdf1f143b41e24485cea50d1cbac27 -> 
  custom:video-decoder-ogg-theora: a1e56fd34408186e4bbccfd4996cb3dc -> 
  custom:framework-win-MediaFoundation: 216162199b28c13a410421893ffa2e32 -> 
  custom:CustomObjectIndexerAttribute: 9a22284fe3817be447336de3de66b15e -> 
  custom:container-demuxer-webm: 4f35f7cbe854078d1ac9338744f61a02 -> 
  custom:container-muxer-webm: aa71ff27fc2769a1b78a27578f13a17b -> 
  custom:video-decoder-webm-vp8: 9c59270c3fd7afecdb556c50c9e8de78 -> 
  custom:SearchIndexIgnoredProperties: e643bd26f0fe6173181afceb89e7c659 -> 
  custom:AudioImporter_EditorPlatform: d09bf68614088b80899f8185d706f6e7 -> 
  custom:video-encoder-webm-vp8: eb34c28f22e8b96e1ab97ce403110664 -> 
  custom:audio-decoder-ogg-vorbis: bf7c407c2cedff20999df2af8eb42d56 -> 
  custom:audio-encoder-webm-vorbis: bf7c407c2cedff20999df2af8eb42d56 -> 
========================================================================
Received Import Request.
  Time since last request: 238.845524 seconds.
  path: Assets/Game(Space Adventure)/Scripts/Game
  artifactKey: Guid(04f39b4272ea3ab4a9228d7c3d4b76a8) Importer(815301076,1909f56bfc062723c751e8b465ee728b)
Start importing Assets/Game(Space Adventure)/Scripts/Game using Guid(04f39b4272ea3ab4a9228d7c3d4b76a8) Importer(815301076,1909f56bfc062723c751e8b465ee728b) [PhysX] Initialized MultithreadedTaskDispatcher with 16 workers.
 -> (artifact id: '4e52ca6e1f946efe53a2caba4e438b27') in 0.002013 seconds
Number of updated asset objects reloaded before import = 0
Number of asset objects unloaded after import = 0
========================================================================
Received Import Request.
  Time since last request: 0.625001 seconds.
  path: Assets/Game(Space Adventure)/Scripts/Game/CameraController_SAD.cs
  artifactKey: Guid(e6a7407a764fe70478262f68ae741b3e) Importer(815301076,1909f56bfc062723c751e8b465ee728b)
Start importing Assets/Game(Space Adventure)/Scripts/Game/CameraController_SAD.cs using Guid(e6a7407a764fe70478262f68ae741b3e) Importer(815301076,1909f56bfc062723c751e8b465ee728b) [PhysX] Initialized MultithreadedTaskDispatcher with 16 workers.
 -> (artifact id: '3fbaa04be0114190f1952fdeb9289601') in 0.000423 seconds
Number of updated asset objects reloaded before import = 0
Number of asset objects unloaded after import = 0
========================================================================
Received Import Request.
  Time since last request: 27.638663 seconds.
  path: Assets/Game(Space Adventure)/Scripts/Game/CameraController_SAD.cs
  artifactKey: Guid(e6a7407a764fe70478262f68ae741b3e) Importer(815301076,1909f56bfc062723c751e8b465ee728b)
Start importing Assets/Game(Space Adventure)/Scripts/Game/CameraController_SAD.cs using Guid(e6a7407a764fe70478262f68ae741b3e) Importer(815301076,1909f56bfc062723c751e8b465ee728b) [PhysX] Initialized MultithreadedTaskDispatcher with 16 workers.
 -> (artifact id: '77f1532030bd3fd9c4d1b74dc59931b6') in 0.000420 seconds
Number of updated asset objects reloaded before import = 0
Number of asset objects unloaded after import = 0
========================================================================
Received Prepare
Begin MonoManager ReloadAssembly
Symbol file LoadedFromMemory is not a mono symbol file
Symbol file LoadedFromMemory is not a mono symbol file
- Loaded All Assemblies, in  0.386 seconds
Refreshing native plugins compatible for Editor in 3.12 ms, found 4 plugins.
Native extension for UWP target not found
Native extension for LinuxStandalone target not found
Native extension for WindowsStandalone target not found
Native extension for AppleTV target not found
Failed to load: D:/Unity/Editors/2022.3.37f1/Editor/Data/PlaybackEngines/VisionOSPlayer\x64\UnityEditor.VisionOS.Native.dll
Native extension for VisionOS target not found
Native extension for iOS target not found
Native extension for Android target not found
Native extension for OSXStandalone target not found
Native extension for WebGL target not found
Mono: successfully reloaded assembly
- Finished resetting the current domain, in  0.725 seconds
Domain Reload Profiling: 1110ms
	BeginReloadAssembly (134ms)
		ExecutionOrderSort (0ms)
		DisableScriptedObjects (9ms)
		BackupInstance (0ms)
		ReleaseScriptingObjects (0ms)
		CreateAndSetChildDomain (40ms)
	RebuildCommonClasses (27ms)
	RebuildNativeTypeToScriptingClass (8ms)
	initialDomainReloadingComplete (21ms)
	LoadAllAssembliesAndSetupDomain (195ms)
		LoadAssemblies (235ms)
		RebuildTransferFunctionScriptingTraits (0ms)
		AnalyzeDomain (22ms)
			TypeCache.Refresh (9ms)
				TypeCache.ScanAssembly (0ms)
			ScanForSourceGeneratedMonoScriptInfo (8ms)
			ResolveRequiredComponents (5ms)
	FinalizeReload (725ms)
		ReleaseScriptCaches (0ms)
		RebuildScriptCaches (0ms)
		SetupLoadedEditorAssemblies (360ms)
			LogAssemblyErrors (0ms)
			InitializePlatformSupportModulesInManaged (31ms)
			SetLoadedEditorAssemblies (2ms)
			RefreshPlugins (0ms)
			BeforeProcessingInitializeOnLoad (49ms)
			ProcessInitializeOnLoadAttributes (248ms)
			ProcessInitializeOnLoadMethodAttributes (26ms)
			AfterProcessingInitializeOnLoad (3ms)
			EditorAssembliesLoaded (0ms)
		ExecutionOrderSort2 (0ms)
		AwakeInstancesAfterBackupRestoration (10ms)
Refreshing native plugins compatible for Editor in 3.14 ms, found 4 plugins.
Preloading 0 native plugins for Editor in 0.00 ms.
Unloading 4082 Unused Serialized files (Serialized files now loaded: 0)
Unloading 51 unused Assets / (222.3 KB). Loaded Objects now: 4577.
Memory consumption went from 147.8 MB to 147.5 MB.
Total: 3.187900 ms (FindLiveObjects: 0.281200 ms CreateObjectMapping: 0.187300 ms MarkObjects: 2.540300 ms  DeleteObjects: 0.178500 ms)

Prepare: number of updated asset objects reloaded= 0
AssetImportParameters requested are different than current active one (requested -> active):
  custom:container-demuxer-ogg: 62fdf1f143b41e24485cea50d1cbac27 -> 
  custom:video-decoder-ogg-theora: a1e56fd34408186e4bbccfd4996cb3dc -> 
  custom:framework-win-MediaFoundation: 216162199b28c13a410421893ffa2e32 -> 
  custom:CustomObjectIndexerAttribute: 9a22284fe3817be447336de3de66b15e -> 
  custom:container-demuxer-webm: 4f35f7cbe854078d1ac9338744f61a02 -> 
  custom:container-muxer-webm: aa71ff27fc2769a1b78a27578f13a17b -> 
  custom:video-decoder-webm-vp8: 9c59270c3fd7afecdb556c50c9e8de78 -> 
  custom:SearchIndexIgnoredProperties: e643bd26f0fe6173181afceb89e7c659 -> 
  custom:AudioImporter_EditorPlatform: d09bf68614088b80899f8185d706f6e7 -> 
  custom:video-encoder-webm-vp8: eb34c28f22e8b96e1ab97ce403110664 -> 
  custom:audio-decoder-ogg-vorbis: bf7c407c2cedff20999df2af8eb42d56 -> 
  custom:audio-encoder-webm-vorbis: bf7c407c2cedff20999df2af8eb42d56 -> 
========================================================================
Received Import Request.
  Time since last request: 6.823803 seconds.
  path: Assets/Game(Space Adventure)/Scripts/Game/Coin.cs
  artifactKey: Guid(824462a7990ab46448cf06d0dcdfd3e8) Importer(815301076,1909f56bfc062723c751e8b465ee728b)
Start importing Assets/Game(Space Adventure)/Scripts/Game/Coin.cs using Guid(824462a7990ab46448cf06d0dcdfd3e8) Importer(815301076,1909f56bfc062723c751e8b465ee728b) [PhysX] Initialized MultithreadedTaskDispatcher with 16 workers.
 -> (artifact id: 'f2e98031250df118b14cf87d1842a159') in 0.001654 seconds
Number of updated asset objects reloaded before import = 0
Number of asset objects unloaded after import = 0
========================================================================
Received Import Request.
  Time since last request: 15.667876 seconds.
  path: Assets/Game(Space Adventure)/Scripts/Game/Coin.cs
  artifactKey: Guid(824462a7990ab46448cf06d0dcdfd3e8) Importer(815301076,1909f56bfc062723c751e8b465ee728b)
Start importing Assets/Game(Space Adventure)/Scripts/Game/Coin.cs using Guid(824462a7990ab46448cf06d0dcdfd3e8) Importer(815301076,1909f56bfc062723c751e8b465ee728b) [PhysX] Initialized MultithreadedTaskDispatcher with 16 workers.
 -> (artifact id: '0317f3eba0f0dd0906b0108bc61abd26') in 0.000445 seconds
Number of updated asset objects reloaded before import = 0
Number of asset objects unloaded after import = 0
========================================================================
Received Prepare
Begin MonoManager ReloadAssembly
Symbol file LoadedFromMemory is not a mono symbol file
Symbol file LoadedFromMemory is not a mono symbol file
- Loaded All Assemblies, in  0.375 seconds
Refreshing native plugins compatible for Editor in 3.00 ms, found 4 plugins.
Native extension for UWP target not found
Native extension for LinuxStandalone target not found
Native extension for WindowsStandalone target not found
Native extension for AppleTV target not found
Failed to load: D:/Unity/Editors/2022.3.37f1/Editor/Data/PlaybackEngines/VisionOSPlayer\x64\UnityEditor.VisionOS.Native.dll
Native extension for VisionOS target not found
Native extension for iOS target not found
Native extension for Android target not found
Native extension for OSXStandalone target not found
Native extension for WebGL target not found
Mono: successfully reloaded assembly
- Finished resetting the current domain, in  0.703 seconds
Domain Reload Profiling: 1077ms
	BeginReloadAssembly (127ms)
		ExecutionOrderSort (0ms)
		DisableScriptedObjects (9ms)
		BackupInstance (0ms)
		ReleaseScriptingObjects (0ms)
		CreateAndSetChildDomain (33ms)
	RebuildCommonClasses (23ms)
	RebuildNativeTypeToScriptingClass (8ms)
	initialDomainReloadingComplete (21ms)
	LoadAllAssembliesAndSetupDomain (195ms)
		LoadAssemblies (235ms)
		RebuildTransferFunctionScriptingTraits (0ms)
		AnalyzeDomain (22ms)
			TypeCache.Refresh (9ms)
				TypeCache.ScanAssembly (0ms)
			ScanForSourceGeneratedMonoScriptInfo (8ms)
			ResolveRequiredComponents (5ms)
	FinalizeReload (703ms)
		ReleaseScriptCaches (0ms)
		RebuildScriptCaches (0ms)
		SetupLoadedEditorAssemblies (344ms)
			LogAssemblyErrors (0ms)
			InitializePlatformSupportModulesInManaged (32ms)
			SetLoadedEditorAssemblies (2ms)
			RefreshPlugins (0ms)
			BeforeProcessingInitializeOnLoad (48ms)
			ProcessInitializeOnLoadAttributes (236ms)
			ProcessInitializeOnLoadMethodAttributes (23ms)
			AfterProcessingInitializeOnLoad (3ms)
			EditorAssembliesLoaded (0ms)
		ExecutionOrderSort2 (0ms)
		AwakeInstancesAfterBackupRestoration (10ms)
Refreshing native plugins compatible for Editor in 2.74 ms, found 4 plugins.
Preloading 0 native plugins for Editor in 0.00 ms.
Unloading 4082 Unused Serialized files (Serialized files now loaded: 0)
Unloading 51 unused Assets / (223.4 KB). Loaded Objects now: 4581.
Memory consumption went from 147.8 MB to 147.5 MB.
Total: 2.809900 ms (FindLiveObjects: 0.258700 ms CreateObjectMapping: 0.104600 ms MarkObjects: 2.272700 ms  DeleteObjects: 0.173300 ms)

Prepare: number of updated asset objects reloaded= 0
AssetImportParameters requested are different than current active one (requested -> active):
  custom:container-demuxer-ogg: 62fdf1f143b41e24485cea50d1cbac27 -> 
  custom:video-decoder-ogg-theora: a1e56fd34408186e4bbccfd4996cb3dc -> 
  custom:framework-win-MediaFoundation: 216162199b28c13a410421893ffa2e32 -> 
  custom:CustomObjectIndexerAttribute: 9a22284fe3817be447336de3de66b15e -> 
  custom:container-demuxer-webm: 4f35f7cbe854078d1ac9338744f61a02 -> 
  custom:container-muxer-webm: aa71ff27fc2769a1b78a27578f13a17b -> 
  custom:video-decoder-webm-vp8: 9c59270c3fd7afecdb556c50c9e8de78 -> 
  custom:SearchIndexIgnoredProperties: e643bd26f0fe6173181afceb89e7c659 -> 
  custom:AudioImporter_EditorPlatform: d09bf68614088b80899f8185d706f6e7 -> 
  custom:video-encoder-webm-vp8: eb34c28f22e8b96e1ab97ce403110664 -> 
  custom:audio-decoder-ogg-vorbis: bf7c407c2cedff20999df2af8eb42d56 -> 
  custom:audio-encoder-webm-vorbis: bf7c407c2cedff20999df2af8eb42d56 -> 
========================================================================
Received Import Request.
  Time since last request: 16.157625 seconds.
  path: Assets/OPS
  artifactKey: Guid(d333b7383ef18e642898c65c8bb3626e) Importer(815301076,1909f56bfc062723c751e8b465ee728b)
Start importing Assets/OPS using Guid(d333b7383ef18e642898c65c8bb3626e) Importer(815301076,1909f56bfc062723c751e8b465ee728b) [PhysX] Initialized MultithreadedTaskDispatcher with 16 workers.
 -> (artifact id: '361765a1d0acb223df469c17e0990df6') in 0.001837 seconds
Number of updated asset objects reloaded before import = 0
Number of asset objects unloaded after import = 0
